app/build/intermediates/manifest_merge_blame_file/debug/manifest-merger-blame-debug-report.txt
1<?xml version="1.0" encoding="utf-8"?>
2<manifest xmlns:android="http://schemas.android.com/apk/res/android"
3    package="com.example.myproject22"
4    android:versionCode="1"
5    android:versionName="1.0" >
6
7    <uses-sdk
8        android:minSdkVersion="21"
8-->src\main\AndroidManifest.xml
9        android:targetSdkVersion="30" />
9-->src\main\AndroidManifest.xml
10
11    <uses-permission android:name="android.permission.READ_EXTERNAL_STORAGE" />
11-->src\main\AndroidManifest.xml:5:5-80
11-->src\main\AndroidManifest.xml:5:22-77
12    <uses-permission android:name="android.permission.CAMERA" />
12-->src\main\AndroidManifest.xml:6:5-65
12-->src\main\AndroidManifest.xml:6:22-62
13    <uses-permission android:name="android.permission.RECORD_AUDIO" />
13-->src\main\AndroidManifest.xml:7:5-71
13-->src\main\AndroidManifest.xml:7:22-68
14
15    <application
15-->src\main\AndroidManifest.xml:9:5-36:19
16        android:allowBackup="true"
16-->src\main\AndroidManifest.xml:10:9-35
17        android:appComponentFactory="androidx.core.app.CoreComponentFactory"
17-->[androidx.core:core:1.4.0-alpha01] AndroidManifest.xml:24:18-86
18        android:debuggable="true"
19        android:icon="@mipmap/ic_launcher"
19-->src\main\AndroidManifest.xml:11:9-43
20        android:label="@string/app_name"
20-->src\main\AndroidManifest.xml:12:9-41
21        android:roundIcon="@mipmap/ic_launcher_round"
21-->src\main\AndroidManifest.xml:13:9-54
22        android:supportsRtl="true"
22-->src\main\AndroidManifest.xml:14:9-35
23        android:testOnly="true"
24        android:theme="@style/Theme.MyProject22" >
24-->src\main\AndroidManifest.xml:15:9-49
25        <activity android:name="com.example.myproject22.View.Activity.ReportCategoryDetailActivity" />
25-->src\main\AndroidManifest.xml:16:9-89
25-->src\main\AndroidManifest.xml:16:19-77
26        <!-- Phan report cua Son -->
27        <activity android:name="com.example.myproject22.View.Activity.ReportCategoryActivity" >
27-->src\main\AndroidManifest.xml:18:9-24:20
27-->src\main\AndroidManifest.xml:18:19-71
28            <intent-filter>
28-->src\main\AndroidManifest.xml:19:13-23:29
29                <action android:name="android.intent.action.MAIN" />
29-->src\main\AndroidManifest.xml:20:17-69
29-->src\main\AndroidManifest.xml:20:25-66
30
31                <category android:name="android.intent.category.LAUNCHER" />
31-->src\main\AndroidManifest.xml:22:17-77
31-->src\main\AndroidManifest.xml:22:27-74
32            </intent-filter>
33        </activity>
34        <activity android:name="com.example.myproject22.View.Activity.ReportCategoryGraphActivity" /> <!-- phan cua Quan -->
34-->src\main\AndroidManifest.xml:25:9-79
34-->src\main\AndroidManifest.xml:25:19-76
35        <activity android:name="com.example.myproject22.View.Activity.AddingTypeCategoryActivity" />
35-->src\main\AndroidManifest.xml:26:9-78
35-->src\main\AndroidManifest.xml:26:19-75
36        <activity android:name="com.example.myproject22.View.Activity.CategoryActivity" />
36-->src\main\AndroidManifest.xml:27:9-68
36-->src\main\AndroidManifest.xml:27:19-65
37        <activity android:name="com.example.myproject22.View.Activity.AddingActivity" /> <!-- Giao dien chinh -->
37-->src\main\AndroidManifest.xml:28:9-66
37-->src\main\AndroidManifest.xml:28:19-63
38        <activity android:name="com.example.myproject22.View.Activity.DashboardActivity" /> <!-- Phan cua Tam -->
38-->src\main\AndroidManifest.xml:29:9-69
38-->src\main\AndroidManifest.xml:29:19-66
39        <activity android:name="com.example.myproject22.View.Activity.GoalActivity" />
39-->src\main\AndroidManifest.xml:30:9-64
39-->src\main\AndroidManifest.xml:30:19-61
40        <activity android:name="com.example.myproject22.View.Activity.SavingActivity" />
40-->src\main\AndroidManifest.xml:31:9-66
40-->src\main\AndroidManifest.xml:31:19-63
41
42        <meta-data
42-->src\main\AndroidManifest.xml:33:9-35:57
43            android:name="preloaded_fonts"
43-->src\main\AndroidManifest.xml:34:13-43
44            android:resource="@array/preloaded_fonts" />
44-->src\main\AndroidManifest.xml:35:13-54
45    </application>
46
47</manifest>